<?xml version="1.0" encoding="UTF-8"?>
<!-- Generated by org.testng.reporters.JUnitReportReporter -->
<testsuite hostname="LAPTOP-6FORQB7T" failures="0" tests="1" name="Login.LoginWithActionClass" time="3.457" errors="0" timestamp="2022-12-23T22:34:17 IST" skipped="0">
  <testcase classname="Login.LoginWithActionClass" name="verifyLoginWithEnterKey" time="3.457"/>
  <system-out/>
</testsuite> <!-- Login.LoginWithActionClass -->
