<?xml version="1.0" encoding="UTF-8"?>
<!-- Generated by org.testng.reporters.JUnitReportReporter -->
<testsuite hostname="LAPTOP-6FORQB7T" failures="0" tests="5" name="Login.LoginWithMultipleSetofData" time="15.927" errors="0" timestamp="2022-12-23T23:41:21 IST" skipped="0">
  <testcase classname="Login.LoginWithMultipleSetofData" name="verifyLoginCredentials" time="2.460"/>
  <system-out/>
  <testcase classname="Login.LoginWithMultipleSetofData" name="verifyLoginCredentials" time="2.472"/>
  <system-out/>
  <testcase classname="Login.LoginWithMultipleSetofData" name="verifyLoginCredentials" time="2.389"/>
  <system-out/>
  <testcase classname="Login.LoginWithMultipleSetofData" name="verifyLoginWithEnterKey" time="1.443"/>
  <system-out/>
  <testcase classname="Login.LoginWithMultipleSetofData" name="verifyLoginCredentials" time="7.163"/>
  <system-out/>
</testsuite> <!-- Login.LoginWithMultipleSetofData -->
